<?xml version="1.0" encoding="UTF-8"?>
<!-- Generated by org.testng.reporters.JUnitXMLReporter -->
<testsuite ignored="0" hostname="LAPTOP-965NCTD2" failures="0" tests="2" name="Nopackage" time="23.572" errors="0" timestamp="11 Nov 2023 16:42:55 GMT">
  <testcase classname="io.cucumber.testng.AbstractTestNGCucumberTests" name="runScenario" time="12.224"/>
  <testcase classname="io.cucumber.testng.AbstractTestNGCucumberTests" name="runScenario" time="10.471"/>
</testsuite> <!-- Nopackage -->
