<?xml version="1.0" encoding="UTF-8"?>
<testng-results ignored="0" total="2" passed="2" failed="0" skipped="0">
  <reporter-output>
  </reporter-output>
  <suite started-at="2023-11-11T16:42:32Z" name="Suite1" finished-at="2023-11-11T16:42:55Z" duration-ms="23572">
    <groups>
      <group name="cucumber">
        <method signature="AbstractTestNGCucumberTests.runScenario(io.cucumber.testng.PickleWrapper, io.cucumber.testng.FeatureWrapper)[pri:0, instance:runners.SmokeTest@8576fa0]" name="runScenario" class="io.cucumber.testng.AbstractTestNGCucumberTests"/>
      </group> <!-- cucumber -->
    </groups>
    <test started-at="2023-11-11T16:42:32Z" name="Nopackage" finished-at="2023-11-11T16:42:55Z" duration-ms="23572">
      <class name="runners.SmokeTest">
        <test-method is-config="true" signature="setUpClass(org.testng.ITestContext)[pri:0, instance:runners.SmokeTest@8576fa0]" started-at="2023-11-11T16:42:32Z" name="setUpClass" finished-at="2023-11-11T16:42:33Z" duration-ms="815" status="PASS">
          <params>
            <param index="0">
              <value>
                <![CDATA[org.testng.TestRunner@6e041285]]>
              </value>
            </param>
          </params>
          <reporter-output>
          </reporter-output>
        </test-method> <!-- setUpClass -->
        <test-method signature="runScenario(io.cucumber.testng.PickleWrapper, io.cucumber.testng.FeatureWrapper)[pri:0, instance:runners.SmokeTest@8576fa0]" started-at="2023-11-11T16:42:33Z" name="runScenario" description="Runs Cucumber Scenarios" data-provider="scenarios" finished-at="2023-11-11T16:42:45Z" duration-ms="12224" status="PASS">
          <params>
            <param index="0">
              <value>
                <![CDATA["Bangladeshi halal food near me"]]>
              </value>
            </param>
            <param index="1">
              <value>
                <![CDATA["Halal food near me"]]>
              </value>
            </param>
          </params>
          <reporter-output>
          </reporter-output>
        </test-method> <!-- runScenario -->
        <test-method signature="runScenario(io.cucumber.testng.PickleWrapper, io.cucumber.testng.FeatureWrapper)[pri:0, instance:runners.SmokeTest@8576fa0]" started-at="2023-11-11T16:42:45Z" name="runScenario" description="Runs Cucumber Scenarios" data-provider="scenarios" finished-at="2023-11-11T16:42:55Z" duration-ms="10471" status="PASS">
          <params>
            <param index="0">
              <value>
                <![CDATA["Home Depot near me"]]>
              </value>
            </param>
            <param index="1">
              <value>
                <![CDATA["Home Depot near me"]]>
              </value>
            </param>
          </params>
          <reporter-output>
          </reporter-output>
        </test-method> <!-- runScenario -->
        <test-method is-config="true" signature="tearDownClass()[pri:0, instance:runners.SmokeTest@8576fa0]" started-at="2023-11-11T16:42:55Z" name="tearDownClass" finished-at="2023-11-11T16:42:55Z" duration-ms="3" status="PASS">
          <reporter-output>
          </reporter-output>
        </test-method> <!-- tearDownClass -->
      </class> <!-- runners.SmokeTest -->
    </test> <!-- Nopackage -->
  </suite> <!-- Suite1 -->
</testng-results>
